\BOOKMARK [0][-]{chapter.1}{Introduction}{}% 1
\BOOKMARK [1][-]{section.1.1}{Summary of Project Proposal}{chapter.1}% 2
\BOOKMARK [2][-]{subsection.1.1.1}{Problem Statement}{section.1.1}% 3
\BOOKMARK [2][-]{subsection.1.1.2}{Project Methodology}{section.1.1}% 4
\BOOKMARK [0][-]{chapter.2}{Background}{}% 5
\BOOKMARK [1][-]{subsection.2.0.1}{Project requirements gathering}{chapter.2}% 6
\BOOKMARK [0][-]{chapter.3}{Ethical Use Of Data}{}% 7
\BOOKMARK [1][-]{section.3.1}{Data Used Within The Application}{chapter.3}% 8
\BOOKMARK [0][-]{chapter.4}{Design}{}% 9
\BOOKMARK [1][-]{section.4.1}{User Interface Design}{chapter.4}% 10
\BOOKMARK [2][-]{subsection.4.1.1}{Mobile Application User Interface Design}{section.4.1}% 11
\BOOKMARK [2][-]{subsection.4.1.2}{Web Application User Interface Design}{section.4.1}% 12
\BOOKMARK [1][-]{section.4.2}{Database Design}{chapter.4}% 13
\BOOKMARK [0][-]{chapter.5}{Realisation}{}% 14
\BOOKMARK [1][-]{section.5.1}{Mobile Application}{chapter.5}% 15
\BOOKMARK [1][-]{section.5.2}{Web Application}{chapter.5}% 16
\BOOKMARK [1][-]{section.5.3}{Web Services}{chapter.5}% 17
\BOOKMARK [1][-]{section.5.4}{Testing of the Applications}{chapter.5}% 18
\BOOKMARK [0][-]{chapter.6}{Evaluation}{}% 19
\BOOKMARK [1][-]{section.6.1}{Successes of the project}{chapter.6}% 20
\BOOKMARK [1][-]{section.6.2}{Challenges of the Project}{chapter.6}% 21
\BOOKMARK [1][-]{section.6.3}{Colleague Feedback}{chapter.6}% 22
\BOOKMARK [0][-]{chapter.7}{Learning Points}{}% 23
\BOOKMARK [0][-]{chapter.8}{Professional Issues}{}% 24
\BOOKMARK [0][-]{chapter.9}{Conclusions}{}% 25
\BOOKMARK [0][-]{chapter.9}{Bibliography}{}% 26
